# JRE version: OpenJDK Runtime Environment (8.0_152-b06) (build 1.8.0_152-release-1136-b06)
# Java VM: OpenJDK 64-Bit Server VM (25.152-b06 mixed mode windows-amd64 compressed oops)
Heap:
 PSYoungGen      total 335872K, used 124593K [0x00000000e0000000, 0x00000000f8a80000, 0x0000000100000000)
  eden space 308736K, 31% used [0x00000000e0000000,0x00000000e5f4d620,0x00000000f2d80000)
  from space 27136K, 99% used [0x00000000f3b00000,0x00000000f555ee48,0x00000000f5580000)
  to   space 47616K, 0% used [0x00000000f5c00000,0x00000000f5c00000,0x00000000f8a80000)
 ParOldGen       total 131584K, used 97437K [0x00000000a0000000, 0x00000000a8080000, 0x00000000e0000000)
  object space 131584K, 74% used [0x00000000a0000000,0x00000000a5f27590,0x00000000a8080000)
 Metaspace       used 105892K, capacity 114216K, committed 114508K, reserved 1148928K
  class space    used 13199K, capacity 14915K, committed 14976K, reserved 1048576K
GC Heap History (10 events):
Event: 9924.231 GC heap before
{Heap before GC invocations=66 (full 4):
 PSYoungGen      total 420352K, used 419956K [0x00000000e0000000, 0x00000000fca00000, 0x0000000100000000)
  eden space 384000K, 99% used [0x00000000e0000000,0x00000000f76a4880,0x00000000f7700000)
  from space 36352K, 99% used [0x00000000f7780000,0x00000000f9af87c0,0x00000000f9b00000)
  to   space 42496K, 0% used [0x00000000fa080000,0x00000000fa080000,0x00000000fca00000)
 ParOldGen       total 131584K, used 93193K [0x00000000a0000000, 0x00000000a8080000, 0x00000000e0000000)
  object space 131584K, 70% used [0x00000000a0000000,0x00000000a5b02490,0x00000000a8080000)
 Metaspace       used 105334K, capacity 113438K, committed 113612K, reserved 1148928K
  class space    used 13164K, capacity 14836K, committed 14848K, reserved 1048576K
Event: 9924.274 GC heap after
Heap after GC invocations=66 (full 4):
 PSYoungGen      total 424960K, used 31735K [0x00000000e0000000, 0x00000000fe500000, 0x0000000100000000)
  eden space 382464K, 0% used [0x00000000e0000000,0x00000000e0000000,0x00000000f7580000)
  from space 42496K, 74% used [0x00000000fa080000,0x00000000fbf7dea8,0x00000000fca00000)
  to   space 44032K, 0% used [0x00000000f7580000,0x00000000f7580000,0x00000000fa080000)
 ParOldGen       total 131584K, used 93801K [0x00000000a0000000, 0x00000000a8080000, 0x00000000e0000000)
  object space 131584K, 71% used [0x00000000a0000000,0x00000000a5b9a490,0x00000000a8080000)
 Metaspace       used 105334K, capacity 113438K, committed 113612K, reserved 1148928K
  class space    used 13164K, capacity 14836K, committed 14848K, reserved 1048576K
}
Event: 11005.835 GC heap before
{Heap before GC invocations=67 (full 4):
 PSYoungGen      total 424960K, used 414199K [0x00000000e0000000, 0x00000000fe500000, 0x0000000100000000)
  eden space 382464K, 100% used [0x00000000e0000000,0x00000000f7580000,0x00000000f7580000)
  from space 42496K, 74% used [0x00000000fa080000,0x00000000fbf7dea8,0x00000000fca00000)
  to   space 44032K, 0% used [0x00000000f7580000,0x00000000f7580000,0x00000000fa080000)
 ParOldGen       total 131584K, used 93801K [0x00000000a0000000, 0x00000000a8080000, 0x00000000e0000000)
  object space 131584K, 71% used [0x00000000a0000000,0x00000000a5b9a490,0x00000000a8080000)
 Metaspace       used 105446K, capacity 113658K, committed 113996K, reserved 1148928K
  class space    used 13178K, capacity 14862K, committed 14976K, reserved 1048576K
Event: 11005.976 GC heap after
Heap after GC invocations=67 (full 4):
 PSYoungGen      total 403968K, used 37591K [0x00000000e0000000, 0x00000000fc280000, 0x0000000100000000)
  eden space 366080K, 0% used [0x00000000e0000000,0x00000000e0000000,0x00000000f6580000)
  from space 37888K, 99% used [0x00000000f7580000,0x00000000f9a35dc0,0x00000000f9a80000)
  to   space 40960K, 0% used [0x00000000f9a80000,0x00000000f9a80000,0x00000000fc280000)
 ParOldGen       total 131584K, used 93801K [0x00000000a0000000, 0x00000000a8080000, 0x00000000e0000000)
  object space 131584K, 71% used [0x00000000a0000000,0x00000000a5b9a490,0x00000000a8080000)
 Metaspace       used 105446K, capacity 113658K, committed 113996K, reserved 1148928K
  class space    used 13178K, capacity 14862K, committed 14976K, reserved 1048576K
}
Event: 11408.184 GC heap before
{Heap before GC invocations=68 (full 4):
 PSYoungGen      total 403968K, used 403671K [0x00000000e0000000, 0x00000000fc280000, 0x0000000100000000)
  eden space 366080K, 100% used [0x00000000e0000000,0x00000000f6580000,0x00000000f6580000)
  from space 37888K, 99% used [0x00000000f7580000,0x00000000f9a35dc0,0x00000000f9a80000)
  to   space 40960K, 0% used [0x00000000f9a80000,0x00000000f9a80000,0x00000000fc280000)
 ParOldGen       total 131584K, used 93801K [0x00000000a0000000, 0x00000000a8080000, 0x00000000e0000000)
  object space 131584K, 71% used [0x00000000a0000000,0x00000000a5b9a490,0x00000000a8080000)
 Metaspace       used 105542K, capacity 113800K, committed 113996K, reserved 1148928K
  class space    used 13184K, capacity 14863K, committed 14976K, reserved 1048576K
Event: 11408.547 GC heap after
Heap after GC invocations=68 (full 4):
 PSYoungGen      total 383488K, used 32565K [0x00000000e0000000, 0x00000000fba80000, 0x0000000100000000)
  eden space 350720K, 0% used [0x00000000e0000000,0x00000000e0000000,0x00000000f5680000)
  from space 32768K, 99% used [0x00000000f9a80000,0x00000000fba4d498,0x00000000fba80000)
  to   space 48640K, 0% used [0x00000000f5b80000,0x00000000f5b80000,0x00000000f8b00000)
 ParOldGen       total 131584K, used 94093K [0x00000000a0000000, 0x00000000a8080000, 0x00000000e0000000)
  object space 131584K, 71% used [0x00000000a0000000,0x00000000a5be34b0,0x00000000a8080000)
 Metaspace       used 105542K, capacity 113800K, committed 113996K, reserved 1148928K
  class space    used 13184K, capacity 14863K, committed 14976K, reserved 1048576K
}
Event: 12488.145 GC heap before
{Heap before GC invocations=69 (full 4):
 PSYoungGen      total 383488K, used 383285K [0x00000000e0000000, 0x00000000fba80000, 0x0000000100000000)
  eden space 350720K, 100% used [0x00000000e0000000,0x00000000f5680000,0x00000000f5680000)
  from space 32768K, 99% used [0x00000000f9a80000,0x00000000fba4d498,0x00000000fba80000)
  to   space 48640K, 0% used [0x00000000f5b80000,0x00000000f5b80000,0x00000000f8b00000)
 ParOldGen       total 131584K, used 94093K [0x00000000a0000000, 0x00000000a8080000, 0x00000000e0000000)
  object space 131584K, 71% used [0x00000000a0000000,0x00000000a5be34b0,0x00000000a8080000)
 Metaspace       used 105716K, capacity 114014K, committed 114252K, reserved 1148928K
  class space    used 13192K, capacity 14904K, committed 14976K, reserved 1048576K
Event: 12488.287 GC heap after
Heap after GC invocations=69 (full 4):
 PSYoungGen      total 364544K, used 28287K [0x00000000e0000000, 0x00000000fa500000, 0x0000000100000000)
  eden space 335872K, 0% used [0x00000000e0000000,0x00000000e0000000,0x00000000f4800000)
  from space 28672K, 98% used [0x00000000f5b80000,0x00000000f771ffe8,0x00000000f7780000)
  to   space 46592K, 0% used [0x00000000f7780000,0x00000000f7780000,0x00000000fa500000)
 ParOldGen       total 131584K, used 94547K [0x00000000a0000000, 0x00000000a8080000, 0x00000000e0000000)
  object space 131584K, 71% used [0x00000000a0000000,0x00000000a5c54d08,0x00000000a8080000)
 Metaspace       used 105716K, capacity 114014K, committed 114252K, reserved 1148928K
  class space    used 13192K, capacity 14904K, committed 14976K, reserved 1048576K
}
Event: 13486.986 GC heap before
{Heap before GC invocations=70 (full 4):
 PSYoungGen      total 364544K, used 364159K [0x00000000e0000000, 0x00000000fa500000, 0x0000000100000000)
  eden space 335872K, 100% used [0x00000000e0000000,0x00000000f4800000,0x00000000f4800000)
  from space 28672K, 98% used [0x00000000f5b80000,0x00000000f771ffe8,0x00000000f7780000)
  to   space 46592K, 0% used [0x00000000f7780000,0x00000000f7780000,0x00000000fa500000)
 ParOldGen       total 131584K, used 94547K [0x00000000a0000000, 0x00000000a8080000, 0x00000000e0000000)
  object space 131584K, 71% used [0x00000000a0000000,0x00000000a5c54d08,0x00000000a8080000)
 Metaspace       used 105848K, capacity 114216K, committed 114508K, reserved 1148928K
  class space    used 13198K, capacity 14915K, committed 14976K, reserved 1048576K
Event: 13488.762 GC heap after
Heap after GC invocations=70 (full 4):
 PSYoungGen      total 358400K, used 35936K [0x00000000e0000000, 0x00000000f9b00000, 0x0000000100000000)
  eden space 322048K, 0% used [0x00000000e0000000,0x00000000e0000000,0x00000000f3a80000)
  from space 36352K, 98% used [0x00000000f7780000,0x00000000f9a98178,0x00000000f9b00000)
  to   space 49152K, 0% used [0x00000000f3b00000,0x00000000f3b00000,0x00000000f6b00000)
 ParOldGen       total 131584K, used 94929K [0x00000000a0000000, 0x00000000a8080000, 0x00000000e0000000)
  object space 131584K, 72% used [0x00000000a0000000,0x00000000a5cb4560,0x00000000a8080000)
 Metaspace       used 105848K, capacity 114216K, committed 114508K, reserved 1148928K
  class space    used 13198K, capacity 14915K, committed 14976K, reserved 1048576K
}

